<?xml version="1.0" encoding="UTF-8"?>
<!-- Generated by org.testng.reporters.JUnitXMLReporter -->
<testsuite ignored="0" hostname="EC2AMAZ-S11DBRH" failures="1" tests="3" name="ModuleOneTest" time="13.281" errors="0" timestamp="2024-04-26T04:42:44 GMT">
  <testcase classname="testScript.GooglePageTest" name="javaSearchTest" time="3.548"/>
  <testcase classname="testScript.GooglePageTest" name="seleniumSearchTest" time="2.201">
    <failure type="java.lang.AssertionError" message="expected [Selenium Tutorial - Google Search Page] but found [Selenium Tutorial - Google Search]">
      <![CDATA[java.lang.AssertionError: expected [Selenium Tutorial - Google Search Page] but found [Selenium Tutorial - Google Search]
at testScript.GooglePageTest.seleniumSearchTest(GooglePageTest.java:41)
at java.base/java.util.ArrayList.forEach(ArrayList.java:1511)
... Removed 33 stack frames]]>
    </failure>
  </testcase> <!-- seleniumSearchTest -->
  <testcase classname="testScript.LoginPageTest" name="validLogin" time="5.118"/>
</testsuite> <!-- ModuleOneTest -->
